<?xml version="1.0" encoding="UTF-8"?>
<!-- Generated by org.testng.reporters.JUnitReportReporter -->
<testsuite skipped="0" hostname="sys" name="com.dollardays.testcases.Team7DDSearchBarNoLoginTestCase" tests="7" failures="0" timestamp="22 Sep 2020 04:45:12 GMT" time="155.324" errors="0">
  <testcase name="SearchWithInvalidDta" time="21.156" classname="com.dollardays.testcases.Team7DDSearchBarNoLoginTestCase"/>
  <testcase name="SearchWithProductname" time="23.255" classname="com.dollardays.testcases.Team7DDSearchBarNoLoginTestCase"/>
  <testcase name="SearchWithProductname" time="22.985" classname="com.dollardays.testcases.Team7DDSearchBarNoLoginTestCase"/>
  <testcase name="SearchWithProductname" time="19.182" classname="com.dollardays.testcases.Team7DDSearchBarNoLoginTestCase"/>
  <testcase name="SearchWithProductname" time="21.840" classname="com.dollardays.testcases.Team7DDSearchBarNoLoginTestCase"/>
  <testcase name="SearchWithProductname" time="22.364" classname="com.dollardays.testcases.Team7DDSearchBarNoLoginTestCase"/>
  <testcase name="SearchWithProductname" time="24.542" classname="com.dollardays.testcases.Team7DDSearchBarNoLoginTestCase"/>
</testsuite> <!-- com.dollardays.testcases.Team7DDSearchBarNoLoginTestCase -->
