<?xml version="1.0" encoding="UTF-8"?>
<!-- Generated by org.testng.reporters.JUnitReportReporter -->
<testsuite skipped="0" hostname="LAPTOP-V27AG5SL" name="com.dollardays.testcases.SearchTestcase" tests="1" failures="0" timestamp="2020-09-15T11:42:58 PDT" time="34.007" errors="0">
  <testcase name="TC_01_SearchWithValidProductname" time="34.007" classname="com.dollardays.testcases.SearchTestcase"/>
  <system-out/>
</testsuite> <!-- com.dollardays.testcases.SearchTestcase -->
