<?xml version="1.0" encoding="UTF-8"?>
<!-- Generated by org.testng.reporters.JUnitReportReporter -->
<testsuite skipped="0" hostname="sys" name="com.dollardays.testcases.HomePageB4logintestcase" tests="1" failures="0" timestamp="22 Sep 2020 04:50:29 GMT" time="32.225" errors="0">
  <testcase name="WishlistimgTest" time="32.225" classname="com.dollardays.testcases.HomePageB4logintestcase"/>
</testsuite> <!-- com.dollardays.testcases.HomePageB4logintestcase -->
