<?xml version="1.0" encoding="UTF-8"?>
<!-- Generated by org.testng.reporters.JUnitReportReporter -->
<testsuite skipped="0" hostname="DESKTOP-61UDLA7" name="com.dollardays.testcases.LoginTestcase" tests="1" failures="0" timestamp="2020-08-30T20:54:26 IST" time="58.993" errors="0">
  <testcase name="invokeLogin1" time="58.993" classname="com.dollardays.testcases.LoginTestcase"/>
  <system-out/>
</testsuite> <!-- com.dollardays.testcases.LoginTestcase -->
