<?xml version="1.0" encoding="UTF-8"?>
<!-- Generated by org.testng.reporters.JUnitReportReporter -->
<testsuite skipped="0" hostname="sys" name="com.dollardays.testcases.MenuTestcase" tests="7" failures="0" timestamp="22 Sep 2020 00:10:37 GMT" time="158.452" errors="0">
  <testcase name="verifyMenuItemsTest" time="19.014" classname="com.dollardays.testcases.MenuTestcase"/>
  <testcase name="verifyBackToSchoolTest" time="21.784" classname="com.dollardays.testcases.MenuTestcase"/>
  <testcase name="verifyMaskSanitizerPPETest" time="30.386" classname="com.dollardays.testcases.MenuTestcase"/>
  <testcase name="verifyForwardBackpacksTest" time="22.044" classname="com.dollardays.testcases.MenuTestcase"/>
  <testcase name="verifyBabyTest" time="17.913" classname="com.dollardays.testcases.MenuTestcase"/>
  <testcase name="verifyfAQsTest" time="20.541" classname="com.dollardays.testcases.MenuTestcase"/>
  <testcase name="verifyElementsOnfAQsTest" time="26.770" classname="com.dollardays.testcases.MenuTestcase"/>
</testsuite> <!-- com.dollardays.testcases.MenuTestcase -->
