<?xml version="1.0" encoding="UTF-8"?>
<!-- Generated by org.testng.reporters.JUnitReportReporter -->
<testsuite skipped="0" hostname="sys" name="com.dollardays.testcases.Team7DDSearchBarTestCase" tests="7" failures="0" timestamp="22 Sep 2020 04:45:12 GMT" time="262.183" errors="0">
  <testcase name="SearchWithProductname" time="30.873" classname="com.dollardays.testcases.Team7DDSearchBarTestCase"/>
  <testcase name="SearchWithInvalidDta" time="60.259" classname="com.dollardays.testcases.Team7DDSearchBarTestCase"/>
  <testcase name="SearchWithProductname" time="41.651" classname="com.dollardays.testcases.Team7DDSearchBarTestCase"/>
  <testcase name="SearchWithProductname" time="32.297" classname="com.dollardays.testcases.Team7DDSearchBarTestCase"/>
  <testcase name="SearchWithProductname" time="33.364" classname="com.dollardays.testcases.Team7DDSearchBarTestCase"/>
  <testcase name="SearchWithProductname" time="34.646" classname="com.dollardays.testcases.Team7DDSearchBarTestCase"/>
  <testcase name="SearchWithProductname" time="29.093" classname="com.dollardays.testcases.Team7DDSearchBarTestCase"/>
</testsuite> <!-- com.dollardays.testcases.Team7DDSearchBarTestCase -->
