<?xml version="1.0" encoding="UTF-8"?>
<!-- Generated by org.testng.reporters.JUnitReportReporter -->
<testsuite skipped="0" hostname="sys" name="com.dollardays.testcases.Team1HomePageTestcase" tests="7" failures="0" timestamp="21 Sep 2020 23:06:48 GMT" time="640.645" errors="0">
  <testcase name="tc_verfiySignInList" time="153.478" classname="com.dollardays.testcases.Team1HomePageTestcase"/>
  <testcase name="tc_verfiyWishList" time="138.844" classname="com.dollardays.testcases.Team1HomePageTestcase"/>
  <testcase name="tc_verfiyWishListLogo" time="48.508" classname="com.dollardays.testcases.Team1HomePageTestcase"/>
  <testcase name="tc_06_CheckPageTitle" time="99.923" classname="com.dollardays.testcases.Team1HomePageTestcase"/>
  <testcase name="tc_verfiySignInLogo" time="46.029" classname="com.dollardays.testcases.Team1HomePageTestcase"/>
  <testcase name="tc_verfiyDdLogo" time="54.913" classname="com.dollardays.testcases.Team1HomePageTestcase"/>
  <testcase name="tc_verfiyCartLogo" time="98.950" classname="com.dollardays.testcases.Team1HomePageTestcase"/>
</testsuite> <!-- com.dollardays.testcases.Team1HomePageTestcase -->
