<?xml version="1.0" encoding="UTF-8"?>
<!-- Generated by org.testng.reporters.JUnitReportReporter -->
<testsuite skipped="0" hostname="sys" name="com.dollardays.testcases.Team7DDSortByTestcase" tests="21" failures="0" timestamp="22 Sep 2020 04:45:12 GMT" time="1298.690" errors="0">
  <testcase name="SortBy_View" time="60.389" classname="com.dollardays.testcases.Team7DDSortByTestcase"/>
  <testcase name="SortBy_View" time="60.493" classname="com.dollardays.testcases.Team7DDSortByTestcase"/>
  <testcase name="SortBy_View" time="63.782" classname="com.dollardays.testcases.Team7DDSortByTestcase"/>
  <testcase name="SortBy_View" time="64.819" classname="com.dollardays.testcases.Team7DDSortByTestcase"/>
  <testcase name="SortBy_View" time="61.527" classname="com.dollardays.testcases.Team7DDSortByTestcase"/>
  <testcase name="SortBy_View" time="59.596" classname="com.dollardays.testcases.Team7DDSortByTestcase"/>
  <testcase name="SortBy_View" time="60.350" classname="com.dollardays.testcases.Team7DDSortByTestcase"/>
  <testcase name="SortBy_View" time="60.777" classname="com.dollardays.testcases.Team7DDSortByTestcase"/>
  <testcase name="SortBy_View" time="66.652" classname="com.dollardays.testcases.Team7DDSortByTestcase"/>
  <testcase name="SortBy_View" time="61.851" classname="com.dollardays.testcases.Team7DDSortByTestcase"/>
  <testcase name="SortBy_View" time="61.850" classname="com.dollardays.testcases.Team7DDSortByTestcase"/>
  <testcase name="SortBy_View" time="60.459" classname="com.dollardays.testcases.Team7DDSortByTestcase"/>
  <testcase name="SortBy_View" time="71.018" classname="com.dollardays.testcases.Team7DDSortByTestcase"/>
  <testcase name="SortBy_View" time="62.981" classname="com.dollardays.testcases.Team7DDSortByTestcase"/>
  <testcase name="SortBy_View" time="62.204" classname="com.dollardays.testcases.Team7DDSortByTestcase"/>
  <testcase name="SortBy_View" time="59.206" classname="com.dollardays.testcases.Team7DDSortByTestcase"/>
  <testcase name="SortBy_View" time="55.568" classname="com.dollardays.testcases.Team7DDSortByTestcase"/>
  <testcase name="SortBy_View" time="62.399" classname="com.dollardays.testcases.Team7DDSortByTestcase"/>
  <testcase name="SortBy_View" time="58.037" classname="com.dollardays.testcases.Team7DDSortByTestcase"/>
  <testcase name="SortBy_View" time="61.348" classname="com.dollardays.testcases.Team7DDSortByTestcase"/>
  <testcase name="SortBy_View" time="63.384" classname="com.dollardays.testcases.Team7DDSortByTestcase"/>
</testsuite> <!-- com.dollardays.testcases.Team7DDSortByTestcase -->
