<?xml version="1.0" encoding="UTF-8"?>
<!-- Generated by org.testng.reporters.JUnitReportReporter -->
<testsuite skipped="0" hostname="sys" name="com.dollardays.testcases.WishlistPageB4loginTestcase" tests="1" failures="0" timestamp="22 Sep 2020 04:50:29 GMT" time="27.339" errors="0">
  <testcase name="verifyCreateawishlistbtn" time="27.339" classname="com.dollardays.testcases.WishlistPageB4loginTestcase"/>
</testsuite> <!-- com.dollardays.testcases.WishlistPageB4loginTestcase -->
