<?xml version="1.0" encoding="UTF-8"?>
<!-- Generated by org.testng.reporters.JUnitReportReporter -->
<testsuite skipped="0" hostname="sys" name="com.dollardays.testcases.Team1CreateAccountTestCase" tests="1" failures="0" timestamp="21 Sep 2020 23:06:48 GMT" time="43.990" errors="0">
  <testcase name="createlogin" time="43.990" classname="com.dollardays.testcases.Team1CreateAccountTestCase"/>
</testsuite> <!-- com.dollardays.testcases.Team1CreateAccountTestCase -->
